2022-02-19 17:00:01.865  INFO [web-service,,] 4308 --- [main] com.bilgeadam.WebService                 : Starting WebService using Java 17.0.1 on dr-MacBook-Pro.local with PID 4308 (/Users/mertcanaydin/IdeaProjects/Social-Media-App/web-service/build/classes/java/main started by mertcanaydin in /Users/mertcanaydin/IdeaProjects/Social-Media-App)
2022-02-19 17:00:01.867 DEBUG [web-service,,] 4308 --- [main] com.bilgeadam.WebService                 : Running with Spring Boot v2.6.3, Spring v5.3.15
2022-02-19 17:00:01.867  INFO [web-service,,] 4308 --- [main] com.bilgeadam.WebService                 : No active profile set, falling back to default profiles: default
2022-02-19 17:00:01.903  INFO [web-service,,] 4308 --- [main] o.s.b.context.config.ConfigDataLoader    : Fetching config from server at : http://localhost:8888
2022-02-19 17:00:01.904  INFO [web-service,,] 4308 --- [main] o.s.b.context.config.ConfigDataLoader    : Located environment: name=web-service, profiles=[default], label=null, version=null, state=null
2022-02-19 17:00:03.794  INFO [web-service,,] 4308 --- [main] o.s.b.w.embedded.tomcat.TomcatWebServer  : Tomcat initialized with port(s): 80 (http)
2022-02-19 17:00:03.908  INFO [web-service,,] 4308 --- [main] w.s.c.ServletWebServerApplicationContext : Root WebApplicationContext: initialization completed in 2004 ms
2022-02-19 17:00:04.620  INFO [web-service,,] 4308 --- [main] o.s.b.a.w.s.WelcomePageHandlerMapping    : Adding welcome page template: index
2022-02-19 17:00:05.731  INFO [web-service,,] 4308 --- [main] o.s.b.w.embedded.tomcat.TomcatWebServer  : Tomcat started on port(s): 80 (http) with context path ''
2022-02-19 17:00:05.753  INFO [web-service,,] 4308 --- [main] com.bilgeadam.WebService                 : Started WebService in 4.926 seconds (JVM running for 6.378)
2022-02-19 17:02:08.635  INFO [web-service,,] 4339 --- [main] com.bilgeadam.WebService                 : Starting WebService using Java 17.0.1 on dr-MacBook-Pro.local with PID 4339 (/Users/mertcanaydin/IdeaProjects/Social-Media-App/web-service/build/classes/java/main started by mertcanaydin in /Users/mertcanaydin/IdeaProjects/Social-Media-App)
2022-02-19 17:02:08.637 DEBUG [web-service,,] 4339 --- [main] com.bilgeadam.WebService                 : Running with Spring Boot v2.6.3, Spring v5.3.15
2022-02-19 17:02:08.637  INFO [web-service,,] 4339 --- [main] com.bilgeadam.WebService                 : No active profile set, falling back to default profiles: default
2022-02-19 17:02:08.678  INFO [web-service,,] 4339 --- [main] o.s.b.context.config.ConfigDataLoader    : Fetching config from server at : http://localhost:8888
2022-02-19 17:02:08.678  INFO [web-service,,] 4339 --- [main] o.s.b.context.config.ConfigDataLoader    : Located environment: name=web-service, profiles=[default], label=null, version=null, state=null
2022-02-19 17:02:10.489  INFO [web-service,,] 4339 --- [main] o.s.b.w.embedded.tomcat.TomcatWebServer  : Tomcat initialized with port(s): 80 (http)
2022-02-19 17:02:10.623  INFO [web-service,,] 4339 --- [main] w.s.c.ServletWebServerApplicationContext : Root WebApplicationContext: initialization completed in 1942 ms
2022-02-19 17:02:11.335  INFO [web-service,,] 4339 --- [main] o.s.b.a.w.s.WelcomePageHandlerMapping    : Adding welcome page template: index
2022-02-19 17:02:12.427  INFO [web-service,,] 4339 --- [main] o.s.b.w.embedded.tomcat.TomcatWebServer  : Tomcat started on port(s): 80 (http) with context path ''
2022-02-19 17:02:12.443  INFO [web-service,,] 4339 --- [main] com.bilgeadam.WebService                 : Started WebService in 4.719 seconds (JVM running for 5.298)
